<?xml version="1.0" encoding="utf-8"?><testsuites><testsuite errors="0" failures="0" hostname="ubuntu-xenial" name="pytest" skipped="0" tests="2" time="0.104" timestamp="2020-11-08T07:27:45.909555"><testcase classname="test_calculations.CalculationsTest" name="test_divide_contain_zero" time="0.002" /><testcase classname="test_calculations.CalculationsTest" name="test_divide_normal" time="0.001" /></testsuite></testsuites>